Build started 5/3/2023 2:54:42 PM.
     1>Project "C:\Users\Dat\Documents\Visual Studio 2012\Projects\myGame\myGame\myGame.vcxproj" on node 2 (Build target(s)).
     1>ClCompile:
         C:\Program Files (x86)\Microsoft Visual Studio 11.0\VC\bin\CL.exe /c /ZI /nologo /W3 /WX- /sdl /Od /Oy- /D WIN32 /D _DEBUG /D _CONSOLE /D _UNICODE /D UNICODE /Gm /EHsc /RTC1 /MDd /GS /fp:precise /Zc:wchar_t /Zc:forScope /Yu"stdafx.h" /Fp"Debug\myGame.pch" /Fo"Debug\\" /Fd"Debug\vc110.pdb" /Gd /TP /analyze- /errorReport:prompt game_management.cpp
         game_management.cpp
     1>c:\users\dat\documents\visual studio 2012\projects\mygame\mygame\threat.h(38): warning C4244: 'return' : conversion from 'const double' to 'float', possible loss of data
     1>c:\users\dat\documents\visual studio 2012\projects\mygame\mygame\boss.h(38): warning C4244: 'return' : conversion from 'const double' to 'float', possible loss of data
     1>c:\users\dat\documents\visual studio 2012\projects\mygame\mygame\game_management.cpp(355): warning C4244: 'argument' : conversion from 'float' to 'int', possible loss of data
     1>c:\users\dat\documents\visual studio 2012\projects\mygame\mygame\game_management.cpp(512): warning C4244: 'argument' : conversion from 'double' to 'const int', possible loss of data
       Link:
         C:\Program Files (x86)\Microsoft Visual Studio 11.0\VC\bin\link.exe /ERRORREPORT:PROMPT /OUT:"C:\Users\Dat\Documents\Visual Studio 2012\Projects\myGame\Debug\myGame.exe" /INCREMENTAL /NOLOGO SDL2.lib SDL2main.lib SDL2_image.lib SDL2_mixer.lib SDL2_ttf.lib kernel32.lib user32.lib gdi32.lib winspool.lib comdlg32.lib advapi32.lib shell32.lib ole32.lib oleaut32.lib uuid.lib odbc32.lib odbccp32.lib /MANIFEST /MANIFESTUAC:"level='asInvoker' uiAccess='false'" /manifest:embed /DEBUG /PDB:"C:\Users\Dat\Documents\Visual Studio 2012\Projects\myGame\Debug\myGame.pdb" /SUBSYSTEM:CONSOLE /TLBID:1 /DYNAMICBASE /NXCOMPAT /IMPLIB:"C:\Users\Dat\Documents\Visual Studio 2012\Projects\myGame\Debug\myGame.lib" /MACHINE:X86 Debug\base.obj
         Debug\Boss.obj
         Debug\bullet.obj
         Debug\Threat.obj
         Debug\Explosion.obj
         Debug\game_management.obj
         Debug\Gift.obj
         Debug\main.obj
         Debug\Mainobj.obj
         Debug\stdafx.obj
         Debug\Text.obj
         myGame.vcxproj -> C:\Users\Dat\Documents\Visual Studio 2012\Projects\myGame\Debug\myGame.exe
     1>Done Building Project "C:\Users\Dat\Documents\Visual Studio 2012\Projects\myGame\myGame\myGame.vcxproj" (Build target(s)).

Build succeeded.

Time Elapsed 00:00:00.73
